2023-10-08 17:16:48,919 [INFO] Activator:177 - 


2023-10-08 17:16:48,920 [INFO] Activator:178 - !SESSION log4j initialized
2023-10-08 17:16:54,168 [INFO] McuFinderGlobals:39 - Set McuFinder mode to 2 (CubeIDE integrated)
2023-10-08 17:16:54,254 [INFO] ApplicationProperties:181 - Using Application install path: D:\STM32CubeIDE_1.7.0\STM32CubeIDE\plugins\com.st.stm32cube.common.mx_6.3.0.202107141111
2023-10-08 17:16:54,261 [INFO] DbMcusXml:74 - Set database path to: D:\STM32CubeIDE_1.7.0\STM32CubeIDE\plugins\com.st.stm32cube.common.mx_6.3.0.202107141111\\db\/mcu/
2023-10-08 17:16:54,264 [INFO] DbBoardsPdsc:56 - Set plugin database path to: D:\STM32CubeIDE_1.7.0\STM32CubeIDE\plugins\com.st.stm32cube.common.mx_6.3.0.202107141111\\db\/plugins/boardmanager/
2023-10-08 17:16:54,264 [INFO] DbMcus:258 - Set plugin images path to: D:\STM32CubeIDE_1.7.0\STM32CubeIDE\plugins\com.st.stm32cube.common.mx_6.3.0.202107141111\\db\/plugins/mcufinder/images/
2023-10-08 17:16:54,264 [INFO] DbBoards:264 - Set plugin images path to: D:\STM32CubeIDE_1.7.0\STM32CubeIDE\plugins\com.st.stm32cube.common.mx_6.3.0.202107141111\\db\/plugins/mcufinder/images/
2023-10-08 17:16:54,266 [INFO] DbExamples:333 - Set plugin images path to: D:\STM32CubeIDE_1.7.0\STM32CubeIDE\plugins\com.st.stm32cube.common.mx_6.3.0.202107141111\\db\/plugins/mcufinder/images/
2023-10-08 17:16:54,269 [INFO] DbMcusAds:119 - Set database path to: C:\Users\Acer\.stmcufinder\plugins\mcufinder//mcu/
2023-10-08 17:16:54,269 [INFO] DbMcusDocs:110 - Set database path to: C:\Users\Acer\.stmcufinder\plugins\mcufinder//mcu/
2023-10-08 17:16:54,270 [INFO] DbMcusJson:64 - Set database path to: C:\Users\Acer\.stmcufinder\plugins\mcufinder//mcu/
2023-10-08 17:16:54,271 [INFO] DbBoardsDocs:110 - Set database path to: C:\Users\Acer\.stmcufinder\plugins\mcufinder//mcu/
2023-10-08 17:16:54,271 [INFO] DbBoardsJson:57 - Set database path to: C:\Users\Acer\.stmcufinder\plugins\mcufinder//mcu/
2023-10-08 17:16:54,273 [INFO] CrossReferenceDbSqlite:196 - Set database path to: C:\Users\Acer\.stmcufinder\plugins\mcufinder//mcu/cs/
2023-10-08 17:16:54,275 [INFO] DbExamplesSqlite:767 - Set database path to: C:\Users\Acer\.stmcufinder\plugins\mcufinder//mcu/
2023-10-08 17:16:54,328 [INFO] RulesReader:57 - Compatibility file has been processed (242 Rules)
2023-10-08 17:16:54,373 [INFO] DbMcusXml:74 - Set database path to: D:\STM32CubeIDE_1.7.0\STM32CubeIDE\plugins\com.st.stm32cube.common.mx_6.3.0.202107141111\\db\/mcu/
2023-10-08 17:16:54,374 [INFO] DbBoardsPdsc:56 - Set plugin database path to: D:\STM32CubeIDE_1.7.0\STM32CubeIDE\plugins\com.st.stm32cube.common.mx_6.3.0.202107141111\\db\/plugins/boardmanager/
2023-10-08 17:16:54,374 [INFO] DbMcus:258 - Set plugin images path to: D:\STM32CubeIDE_1.7.0\STM32CubeIDE\plugins\com.st.stm32cube.common.mx_6.3.0.202107141111\\db\/plugins/mcufinder/images/
2023-10-08 17:16:54,374 [INFO] DbBoards:264 - Set plugin images path to: D:\STM32CubeIDE_1.7.0\STM32CubeIDE\plugins\com.st.stm32cube.common.mx_6.3.0.202107141111\\db\/plugins/mcufinder/images/
2023-10-08 17:16:54,374 [INFO] DbExamples:333 - Set plugin images path to: D:\STM32CubeIDE_1.7.0\STM32CubeIDE\plugins\com.st.stm32cube.common.mx_6.3.0.202107141111\\db\/plugins/mcufinder/images/
2023-10-08 17:16:54,374 [WARN] DbFile:35 - Overriding database path with different value: C:\Users\Acer\.stmcufinder\plugins\mcufinder/ => C:\Users\Acer\.stmcufinder\plugins\mcufinder
2023-10-08 17:16:54,374 [INFO] DbMcusAds:119 - Set database path to: C:\Users\Acer\.stmcufinder\plugins\mcufinder//mcu/
2023-10-08 17:16:54,374 [WARN] DbFile:35 - Overriding database path with different value: C:\Users\Acer\.stmcufinder\plugins\mcufinder/ => C:\Users\Acer\.stmcufinder\plugins\mcufinder
2023-10-08 17:16:54,374 [INFO] DbMcusDocs:110 - Set database path to: C:\Users\Acer\.stmcufinder\plugins\mcufinder//mcu/
2023-10-08 17:16:54,374 [WARN] DbFile:35 - Overriding database path with different value: C:\Users\Acer\.stmcufinder\plugins\mcufinder/ => C:\Users\Acer\.stmcufinder\plugins\mcufinder
2023-10-08 17:16:54,374 [INFO] DbMcusJson:64 - Set database path to: C:\Users\Acer\.stmcufinder\plugins\mcufinder//mcu/
2023-10-08 17:16:54,374 [WARN] DbFile:35 - Overriding database path with different value: C:\Users\Acer\.stmcufinder\plugins\mcufinder/ => C:\Users\Acer\.stmcufinder\plugins\mcufinder
2023-10-08 17:16:54,374 [INFO] DbBoardsDocs:110 - Set database path to: C:\Users\Acer\.stmcufinder\plugins\mcufinder//mcu/
2023-10-08 17:16:54,375 [WARN] DbFile:35 - Overriding database path with different value: C:\Users\Acer\.stmcufinder\plugins\mcufinder/ => C:\Users\Acer\.stmcufinder\plugins\mcufinder
2023-10-08 17:16:54,375 [INFO] DbBoardsJson:57 - Set database path to: C:\Users\Acer\.stmcufinder\plugins\mcufinder//mcu/
2023-10-08 17:16:54,375 [WARN] DbFile:35 - Overriding database path with different value: C:\Users\Acer\.stmcufinder\plugins\mcufinder/ => C:\Users\Acer\.stmcufinder\plugins\mcufinder
2023-10-08 17:16:54,375 [WARN] DbFile:35 - Overriding database path with different value: C:\Users\Acer\.stmcufinder\plugins\mcufinder/ => C:\Users\Acer\.stmcufinder\plugins\mcufinder
2023-10-08 17:16:54,375 [INFO] CrossReferenceDbSqlite:196 - Set database path to: C:\Users\Acer\.stmcufinder\plugins\mcufinder//mcu/cs/
2023-10-08 17:16:54,375 [WARN] DbFile:35 - Overriding database path with different value: C:\Users\Acer\.stmcufinder\plugins\mcufinder/ => C:\Users\Acer\.stmcufinder\plugins\mcufinder
2023-10-08 17:16:54,375 [INFO] DbExamplesSqlite:767 - Set database path to: C:\Users\Acer\.stmcufinder\plugins\mcufinder//mcu/
2023-10-08 17:16:54,413 [INFO] MainPanel:214 - HeapMemory: 268435456
2023-10-08 17:16:54,466 [INFO] DbMcusXml:74 - Set database path to: D:\STM32CubeIDE_1.7.0\STM32CubeIDE\plugins\com.st.stm32cube.common.mx_6.3.0.202107141111\\db\/mcu/
2023-10-08 17:16:54,467 [INFO] DbBoardsPdsc:56 - Set plugin database path to: D:\STM32CubeIDE_1.7.0\STM32CubeIDE\plugins\com.st.stm32cube.common.mx_6.3.0.202107141111\\db\/plugins/boardmanager/
2023-10-08 17:16:54,467 [INFO] DbMcus:258 - Set plugin images path to: D:\STM32CubeIDE_1.7.0\STM32CubeIDE\plugins\com.st.stm32cube.common.mx_6.3.0.202107141111\\db\/plugins/mcufinder/images/
2023-10-08 17:16:54,467 [INFO] DbBoards:264 - Set plugin images path to: D:\STM32CubeIDE_1.7.0\STM32CubeIDE\plugins\com.st.stm32cube.common.mx_6.3.0.202107141111\\db\/plugins/mcufinder/images/
2023-10-08 17:16:54,467 [INFO] DbExamples:333 - Set plugin images path to: D:\STM32CubeIDE_1.7.0\STM32CubeIDE\plugins\com.st.stm32cube.common.mx_6.3.0.202107141111\\db\/plugins/mcufinder/images/
2023-10-08 17:16:54,467 [WARN] DbFile:35 - Overriding database path with different value: C:\Users\Acer\.stmcufinder\plugins\mcufinder/ => C:\Users\Acer\.stmcufinder\plugins\mcufinder
2023-10-08 17:16:54,467 [INFO] DbMcusAds:119 - Set database path to: C:\Users\Acer\.stmcufinder\plugins\mcufinder//mcu/
2023-10-08 17:16:54,467 [WARN] DbFile:35 - Overriding database path with different value: C:\Users\Acer\.stmcufinder\plugins\mcufinder/ => C:\Users\Acer\.stmcufinder\plugins\mcufinder
2023-10-08 17:16:54,467 [INFO] DbMcusDocs:110 - Set database path to: C:\Users\Acer\.stmcufinder\plugins\mcufinder//mcu/
2023-10-08 17:16:54,467 [WARN] DbFile:35 - Overriding database path with different value: C:\Users\Acer\.stmcufinder\plugins\mcufinder/ => C:\Users\Acer\.stmcufinder\plugins\mcufinder
2023-10-08 17:16:54,467 [INFO] DbMcusJson:64 - Set database path to: C:\Users\Acer\.stmcufinder\plugins\mcufinder//mcu/
2023-10-08 17:16:54,467 [WARN] DbFile:35 - Overriding database path with different value: C:\Users\Acer\.stmcufinder\plugins\mcufinder/ => C:\Users\Acer\.stmcufinder\plugins\mcufinder
2023-10-08 17:16:54,468 [INFO] DbBoardsDocs:110 - Set database path to: C:\Users\Acer\.stmcufinder\plugins\mcufinder//mcu/
2023-10-08 17:16:54,468 [WARN] DbFile:35 - Overriding database path with different value: C:\Users\Acer\.stmcufinder\plugins\mcufinder/ => C:\Users\Acer\.stmcufinder\plugins\mcufinder
2023-10-08 17:16:54,468 [INFO] DbBoardsJson:57 - Set database path to: C:\Users\Acer\.stmcufinder\plugins\mcufinder//mcu/
2023-10-08 17:16:54,468 [WARN] DbFile:35 - Overriding database path with different value: C:\Users\Acer\.stmcufinder\plugins\mcufinder/ => C:\Users\Acer\.stmcufinder\plugins\mcufinder
2023-10-08 17:16:54,468 [WARN] DbFile:35 - Overriding database path with different value: C:\Users\Acer\.stmcufinder\plugins\mcufinder/ => C:\Users\Acer\.stmcufinder\plugins\mcufinder
2023-10-08 17:16:54,468 [INFO] CrossReferenceDbSqlite:196 - Set database path to: C:\Users\Acer\.stmcufinder\plugins\mcufinder//mcu/cs/
2023-10-08 17:16:54,468 [WARN] DbFile:35 - Overriding database path with different value: C:\Users\Acer\.stmcufinder\plugins\mcufinder/ => C:\Users\Acer\.stmcufinder\plugins\mcufinder
2023-10-08 17:16:54,468 [INFO] DbExamplesSqlite:767 - Set database path to: C:\Users\Acer\.stmcufinder\plugins\mcufinder//mcu/
2023-10-08 17:16:54,478 [INFO] ApplicationProperties:181 - Using Application install path: D:\STM32CubeIDE_1.7.0\STM32CubeIDE\plugins\com.st.stm32cube.common.mx_6.3.0.202107141111
2023-10-08 17:16:54,479 [INFO] PluginManage:188 - Search for loadable plugins [exclusion list=, ]
2023-10-08 17:16:54,480 [INFO] PluginManage:302 - Check plugin analytics
2023-10-08 17:16:54,578 [INFO] AnalyticsPlugin:257 - Accepted Software Licenses: 
2023-10-08 17:16:54,578 [INFO] AnalyticsPlugin:259 - Accepted CMSIS Pack Licenses: 
2023-10-08 17:16:54,578 [INFO] AnalyticsPlugin:261 - Accepted Firmware Licenses: 
2023-10-08 17:16:54,579 [INFO] PluginManage:352 - Loaded plugin analytics (category:tool,tabindex:-1)
2023-10-08 17:16:54,579 [INFO] PluginManage:302 - Check plugin clock
2023-10-08 17:16:54,585 [INFO] PluginManage:352 - Loaded plugin clock (category:base,tabindex:2)
2023-10-08 17:16:54,585 [INFO] PluginManage:302 - Check plugin ddr
2023-10-08 17:16:54,586 [INFO] PluginManage:352 - Loaded plugin ddr (category:tool,tabindex:6)
2023-10-08 17:16:54,586 [INFO] PluginManage:302 - Check plugin filemanager
2023-10-08 17:16:54,661 [INFO] PluginManage:352 - Loaded plugin filemanager (category:base,tabindex:10)
2023-10-08 17:16:54,661 [INFO] PluginManage:302 - Check plugin ipmanager
2023-10-08 17:16:54,665 [INFO] PluginManage:352 - Loaded plugin ipmanager (category:base,tabindex:5)
2023-10-08 17:16:54,665 [INFO] PluginManage:302 - Check plugin pinoutandconfiguration
2023-10-08 17:16:54,669 [INFO] PluginManage:352 - Loaded plugin pinoutandconfiguration (category:base,tabindex:1)
2023-10-08 17:16:54,670 [INFO] PluginManage:302 - Check plugin pinoutconfig
2023-10-08 17:16:54,684 [INFO] PluginManage:352 - Loaded plugin pinoutconfig (category:base,tabindex:0)
2023-10-08 17:16:54,684 [INFO] PluginManage:302 - Check plugin power
2023-10-08 17:16:54,689 [INFO] PluginManage:352 - Loaded plugin power (category:power,tabindex:4)
2023-10-08 17:16:54,689 [INFO] PluginManage:302 - Check plugin projectmanager
2023-10-08 17:16:54,698 [INFO] PluginManage:352 - Loaded plugin projectmanager (category:projectmanager,tabindex:3)
2023-10-08 17:16:54,698 [INFO] PluginManage:302 - Check plugin thirdparty
2023-10-08 17:16:54,763 [INFO] PluginManage:352 - Loaded plugin thirdparty (category:base,tabindex:-1)
2023-10-08 17:16:54,764 [WARN] IntegrityCheckThread:78 - waiting for thirdparty lock release [integrity check]
2023-10-08 17:16:54,764 [INFO] PluginManage:302 - Check plugin tools
2023-10-08 17:16:54,765 [INFO] IntegrityCheckThread:80 - entering critical section [integrity check]
2023-10-08 17:16:54,765 [INFO] ThirdPartyUpdaterWithRetryManager:66 - Updater plugin not ready yet. [1/15]
2023-10-08 17:16:54,766 [INFO] PluginManage:352 - Loaded plugin tools (category:base,tabindex:7)
2023-10-08 17:16:54,766 [INFO] PluginManage:302 - Check plugin tutovideos
2023-10-08 17:16:54,892 [INFO] PluginManage:352 - Loaded plugin tutovideos (category:base,tabindex:-1)
2023-10-08 17:16:54,892 [INFO] PluginManage:302 - Check plugin updater
2023-10-08 17:16:54,899 [INFO] PluginManage:352 - Loaded plugin updater (category:base,tabindex:12)
2023-10-08 17:16:54,899 [INFO] PluginManage:275 - PluginManage : Loaded plugins [13]
2023-10-08 17:16:54,995 [INFO] PinOutPanel:1463 - setPackage(No Configuration,No Configuration)
2023-10-08 17:16:55,046 [INFO] IPUIPlugin:74 - create IPUIPlugin
2023-10-08 17:16:55,046 [INFO] PluginManager:213 - loadIPPluginJar : add adc
2023-10-08 17:16:55,048 [INFO] IPUIPlugin:74 - create IPUIPlugin
2023-10-08 17:16:55,048 [INFO] PluginManager:213 - loadIPPluginJar : add aes
2023-10-08 17:16:55,049 [INFO] IPUIPlugin:74 - create IPUIPlugin
2023-10-08 17:16:55,049 [INFO] PluginManager:213 - loadIPPluginJar : add can
2023-10-08 17:16:55,050 [INFO] IPUIPlugin:74 - create IPUIPlugin
2023-10-08 17:16:55,050 [INFO] PluginManager:213 - loadIPPluginJar : add comp
2023-10-08 17:16:55,051 [INFO] IPUIPlugin:74 - create IPUIPlugin
2023-10-08 17:16:55,051 [INFO] PluginManager:213 - loadIPPluginJar : add cryp
2023-10-08 17:16:55,052 [INFO] IPUIPlugin:74 - create IPUIPlugin
2023-10-08 17:16:55,053 [INFO] PluginManager:213 - loadIPPluginJar : add dfsdm
2023-10-08 17:16:55,056 [INFO] IPUIPlugin:74 - create IPUIPlugin
2023-10-08 17:16:55,056 [INFO] PluginManager:213 - loadIPPluginJar : add dma
2023-10-08 17:16:55,058 [INFO] IPUIPlugin:74 - create IPUIPlugin
2023-10-08 17:16:55,058 [INFO] PluginManager:213 - loadIPPluginJar : add dma3
2023-10-08 17:16:55,058 [INFO] IPUIPlugin:74 - create IPUIPlugin
2023-10-08 17:16:55,058 [INFO] PluginManager:213 - loadIPPluginJar : add fatfs
2023-10-08 17:16:55,061 [INFO] IPUIPlugin:74 - create IPUIPlugin
2023-10-08 17:16:55,061 [INFO] PluginManager:213 - loadIPPluginJar : add fmc
2023-10-08 17:16:55,064 [INFO] IPUIPlugin:74 - create IPUIPlugin
2023-10-08 17:16:55,064 [INFO] PluginManager:213 - loadIPPluginJar : add freertos
2023-10-08 17:16:55,065 [INFO] IPUIPlugin:74 - create IPUIPlugin
2023-10-08 17:16:55,065 [INFO] PluginManager:213 - loadIPPluginJar : add genericplugin
2023-10-08 17:16:55,066 [INFO] IPUIPlugin:74 - create IPUIPlugin
2023-10-08 17:16:55,066 [INFO] PluginManager:213 - loadIPPluginJar : add gfxmmu
2023-10-08 17:16:55,069 [INFO] IPUIPlugin:74 - create IPUIPlugin
2023-10-08 17:16:55,069 [INFO] PluginManager:213 - loadIPPluginJar : add gic
2023-10-08 17:16:55,071 [INFO] IPUIPlugin:74 - create IPUIPlugin
2023-10-08 17:16:55,071 [INFO] PluginManager:213 - loadIPPluginJar : add gpio
2023-10-08 17:16:55,073 [INFO] IPUIPlugin:74 - create IPUIPlugin
2023-10-08 17:16:55,073 [INFO] PluginManager:213 - loadIPPluginJar : add gtzc
2023-10-08 17:16:55,074 [INFO] IPUIPlugin:74 - create IPUIPlugin
2023-10-08 17:16:55,074 [INFO] PluginManager:213 - loadIPPluginJar : add hash
2023-10-08 17:16:55,075 [INFO] IPUIPlugin:74 - create IPUIPlugin
2023-10-08 17:16:55,075 [INFO] PluginManager:213 - loadIPPluginJar : add i2c
2023-10-08 17:16:55,076 [INFO] IPUIPlugin:74 - create IPUIPlugin
2023-10-08 17:16:55,076 [INFO] PluginManager:213 - loadIPPluginJar : add i2s
2023-10-08 17:16:55,079 [INFO] IPUIPlugin:74 - create IPUIPlugin
2023-10-08 17:16:55,079 [INFO] PluginManager:213 - loadIPPluginJar : add ipddr
2023-10-08 17:16:55,083 [INFO] IPUIPlugin:74 - create IPUIPlugin
2023-10-08 17:16:55,083 [INFO] PluginManager:213 - loadIPPluginJar : add linkedlist
2023-10-08 17:16:55,084 [INFO] IPUIPlugin:74 - create IPUIPlugin
2023-10-08 17:16:55,084 [INFO] PluginManager:213 - loadIPPluginJar : add lorawan
2023-10-08 17:16:55,085 [INFO] IPUIPlugin:74 - create IPUIPlugin
2023-10-08 17:16:55,085 [INFO] PluginManager:213 - loadIPPluginJar : add ltdc
2023-10-08 17:16:55,087 [INFO] IPUIPlugin:74 - create IPUIPlugin
2023-10-08 17:16:55,087 [INFO] PluginManager:213 - loadIPPluginJar : add mdma
2023-10-08 17:16:55,089 [INFO] IPUIPlugin:74 - create IPUIPlugin
2023-10-08 17:16:55,089 [INFO] PluginManager:213 - loadIPPluginJar : add nvic
2023-10-08 17:16:55,090 [INFO] IPUIPlugin:74 - create IPUIPlugin
2023-10-08 17:16:55,090 [INFO] PluginManager:213 - loadIPPluginJar : add opamp
2023-10-08 17:16:55,092 [INFO] IPUIPlugin:74 - create IPUIPlugin
2023-10-08 17:16:55,092 [INFO] PluginManager:213 - loadIPPluginJar : add openamp
2023-10-08 17:16:55,093 [INFO] IPUIPlugin:74 - create IPUIPlugin
2023-10-08 17:16:55,093 [INFO] PluginManager:213 - loadIPPluginJar : add pdm2pcm
2023-10-08 17:16:55,110 [INFO] IPUIPlugin:74 - create IPUIPlugin
2023-10-08 17:16:55,113 [INFO] PluginManager:213 - loadIPPluginJar : add plateformsettings
2023-10-08 17:16:55,114 [INFO] IPUIPlugin:74 - create IPUIPlugin
2023-10-08 17:16:55,114 [INFO] PluginManager:213 - loadIPPluginJar : add quadspi
2023-10-08 17:16:55,116 [INFO] IPUIPlugin:74 - create IPUIPlugin
2023-10-08 17:16:55,117 [INFO] PluginManager:213 - loadIPPluginJar : add resmgrutility
2023-10-08 17:16:55,119 [INFO] IPUIPlugin:74 - create IPUIPlugin
2023-10-08 17:16:55,119 [INFO] PluginManager:213 - loadIPPluginJar : add sai
2023-10-08 17:16:55,120 [INFO] IPUIPlugin:74 - create IPUIPlugin
2023-10-08 17:16:55,120 [INFO] PluginManager:213 - loadIPPluginJar : add spi
2023-10-08 17:16:55,123 [INFO] IPUIPlugin:74 - create IPUIPlugin
2023-10-08 17:16:55,123 [INFO] PluginManager:213 - loadIPPluginJar : add stm32_wpan
2023-10-08 17:16:55,124 [INFO] IPUIPlugin:74 - create IPUIPlugin
2023-10-08 17:16:55,124 [INFO] PluginManager:213 - loadIPPluginJar : add tim
2023-10-08 17:16:55,126 [INFO] IPUIPlugin:74 - create IPUIPlugin
2023-10-08 17:16:55,126 [INFO] PluginManager:213 - loadIPPluginJar : add touchsensing
2023-10-08 17:16:55,138 [INFO] IPUIPlugin:74 - create IPUIPlugin
2023-10-08 17:16:55,139 [INFO] PluginManager:213 - loadIPPluginJar : add tracer_emb
2023-10-08 17:16:55,141 [INFO] IPUIPlugin:74 - create IPUIPlugin
2023-10-08 17:16:55,141 [INFO] PluginManager:213 - loadIPPluginJar : add ts
2023-10-08 17:16:55,142 [INFO] IPUIPlugin:74 - create IPUIPlugin
2023-10-08 17:16:55,142 [INFO] PluginManager:213 - loadIPPluginJar : add tsc
2023-10-08 17:16:55,143 [INFO] IPUIPlugin:74 - create IPUIPlugin
2023-10-08 17:16:55,143 [INFO] PluginManager:213 - loadIPPluginJar : add ucpd
2023-10-08 17:16:55,144 [INFO] IPUIPlugin:74 - create IPUIPlugin
2023-10-08 17:16:55,144 [INFO] PluginManager:213 - loadIPPluginJar : add usart
2023-10-08 17:16:55,146 [INFO] IPUIPlugin:74 - create IPUIPlugin
2023-10-08 17:16:55,146 [INFO] PluginManager:213 - loadIPPluginJar : add usbx
2023-10-08 17:16:55,353 [FATAL] Updater:294 - Updater called before beeing initialized
2023-10-08 17:16:55,416 [FATAL] Updater:294 - Updater called before beeing initialized
2023-10-08 17:16:55,419 [INFO] DbMcusAds:47 - JSON generation date=Tue Mar 07 15:50:55 ICT 2023 (1678179055114)
2023-10-08 17:16:55,419 [FATAL] Updater:294 - Updater called before beeing initialized
2023-10-08 17:16:55,443 [WARN] DetailPanel:314 - Failed to get advertising image, set to default
2023-10-08 17:16:55,501 [FATAL] Updater:294 - Updater called before beeing initialized
2023-10-08 17:16:55,502 [FATAL] Updater:294 - Updater called before beeing initialized
2023-10-08 17:16:55,503 [FATAL] Updater:294 - Updater called before beeing initialized
2023-10-08 17:16:55,503 [WARN] DetailPanel:314 - Failed to get advertising image, set to default
2023-10-08 17:16:55,503 [FATAL] Updater:294 - Updater called before beeing initialized
2023-10-08 17:16:55,532 [ERROR] Updater:1075 - MainUpdater not yet initialized. External WinMGr cannot be set.
2023-10-08 17:16:55,533 [INFO] Updater:1012 - Updater Version found : 6.3.0
2023-10-08 17:16:55,546 [INFO] ApplicationProperties:181 - Using Application install path: D:\STM32CubeIDE_1.7.0\STM32CubeIDE\plugins\com.st.stm32cube.common.mx_6.3.0.202107141111
2023-10-08 17:16:56,467 [INFO] MainUpdater:2671 - connection check result : 10
2023-10-08 17:16:56,468 [INFO] MainUpdater:265 - Updater Check For Update Now.
2023-10-08 17:16:56,468 [INFO] MicroXplorer:478 - Change Database Version : DB.6.0.30
2023-10-08 17:16:56,602 [INFO] CheckServerUpdateThread:112 - End of CheckServer Thread
2023-10-08 17:16:56,674 [INFO] MainUpdater:2671 - connection check result : 10
2023-10-08 17:16:56,884 [INFO] McuFinderGlobals:52 - Set McuFinderConnectedMode to false
2023-10-08 17:16:56,948 [INFO] CrossSelectorPresenter:1330 - Cross Selector saved comparison directory: C:\Users\Acer\.stmcufinder\plugins\mcufinder\mcu\cs_comparisons_mx
2023-10-08 17:16:56,952 [INFO] MultiScanPanel:197 - Auto-refresh data requested => check proxy status ongoing
2023-10-08 17:16:56,952 [INFO] MultiScanPanel:201 - Proxy status is invalid
2023-10-08 17:16:56,954 [INFO] FinderPluginLoader:87 - Searching for filters in installed packs
2023-10-08 17:16:56,955 [INFO] DbMcusXml:100 - Load MCU database from D:\STM32CubeIDE_1.7.0\STM32CubeIDE\plugins\com.st.stm32cube.common.mx_6.3.0.202107141111\\db\/mcu/families.xml
2023-10-08 17:16:57,499 [INFO] DbMcusJson:93 - JSON generation date=Tue Nov 16 23:17:54 ICT 2021 (1637079474)
2023-10-08 17:16:57,860 [ERROR] Engine:463 - C:\Users\Acer\.stm32cubemx\thirdparties\pdsc\STMicroelectronics.X-CUBE-SMBUS.2.1.0.pdsc: PDSC version is not supported
2023-10-08 17:16:57,896 [WARN] PackLoader:238 - Cannot read IP mode file for STMicroelectronics.X-CUBE-AZRTOS-F7.1.1.0
2023-10-08 17:16:57,901 [ERROR] Engine:463 - C:\Users\Acer\.stm32cubemx\thirdparties\pdsc\STMicroelectronics.FP-SNS-MOTENV1.4.3.2.pdsc: PDSC version is not supported
2023-10-08 17:16:57,904 [ERROR] Engine:463 - C:\Users\Acer\.stm32cubemx\thirdparties\pdsc\STMicroelectronics.X-CUBE-DISPLAY.3.0.0.pdsc: PDSC version is not supported
2023-10-08 17:16:57,905 [ERROR] Engine:463 - C:\Users\Acer\.stm32cubemx\thirdparties\pdsc\emotas.I-CUBE-CANOPEN.1.3.0.pdsc: PDSC version is not supported
2023-10-08 17:16:57,908 [WARN] PackLoader:238 - Cannot read IP mode file for STMicroelectronics.X-CUBE-TOUCHGFX.4.22.0
2023-10-08 17:16:57,909 [WARN] PackLoader:238 - Cannot read IP mode file for STMicroelectronics.X-CUBE-TOUCHGFX.4.22.1
2023-10-08 17:16:57,911 [ERROR] Engine:463 - C:\Users\Acer\.stm32cubemx\thirdparties\pdsc\STMicroelectronics.FP-SNS-SMARTAG2.1.2.0.pdsc: PDSC version is not supported
2023-10-08 17:16:57,917 [INFO] LogOutputStream:76 - [STDOUT_REDIRECT] 1 : Invalid condition id : UX_CORESTACK_Condition cause : null
2023-10-08 17:16:57,919 [INFO] LogOutputStream:76 - [STDOUT_REDIRECT] 1 : Invalid condition id : UX_CORESTACK_Condition cause : null
2023-10-08 17:16:57,919 [INFO] LogOutputStream:76 - [STDOUT_REDIRECT] 1 : Invalid condition id : UX_CORESTACK_Condition cause : null
2023-10-08 17:16:57,920 [INFO] LogOutputStream:76 - [STDOUT_REDIRECT] 1 : Invalid condition id : UX_CORESTACK_Condition cause : null
2023-10-08 17:16:57,920 [INFO] LogOutputStream:76 - [STDOUT_REDIRECT] 1 : Invalid condition id : UX_CORESTACK_Condition cause : null
2023-10-08 17:16:57,923 [WARN] PackLoader:238 - Cannot read IP mode file for STMicroelectronics.X-CUBE-AZRTOS-WL.2.0.0
2023-10-08 17:16:57,935 [WARN] PackLoader:238 - Cannot read IP mode file for WES.I-CUBE-Cesium.1.3.0
2023-10-08 17:16:57,940 [WARN] PackLoader:238 - Cannot read IP mode file for STMicroelectronics.X-CUBE-BLE2.3.3.0
2023-10-08 17:16:57,945 [WARN] PackLoader:238 - Cannot read IP mode file for STMicroelectronics.X-CUBE-ALGOBUILD.1.3.0
2023-10-08 17:16:57,949 [INFO] DbMcus:175 - Found 1951 MCUs (1903 are supported by CubeMX, 1914 are visible in CubeMX)
2023-10-08 17:16:57,950 [INFO] ApiDb:251 - Load user favorites file C:\Users\Acer/.stm32cubeide/favorites.mcus.txt: 0 item(s)
2023-10-08 17:16:57,950 [INFO] ApiDb:255 - User favorites MCUs=[]
2023-10-08 17:16:57,950 [INFO] DbMcus:187 - Set 0 / 0 favorites MCUs
2023-10-08 17:16:57,960 [WARN] PackLoader:238 - Cannot read IP mode file for STMicroelectronics.X-CUBE-AZRTOS-G0.1.1.0
2023-10-08 17:16:57,966 [WARN] PackLoader:238 - Cannot read IP mode file for STMicroelectronics.X-CUBE-NFC4.3.0.0
2023-10-08 17:16:57,970 [WARN] PackLoader:238 - Cannot read IP mode file for STMicroelectronics.FP-ATR-SIGFOX1.3.2.0
2023-10-08 17:16:57,998 [WARN] PackLoader:238 - Cannot read IP mode file for SEGGER.I-CUBE-embOS.1.3.1
2023-10-08 17:16:58,041 [WARN] PackLoader:238 - Cannot read IP mode file for STMicroelectronics.X-CUBE-GNSS1.6.0.0
2023-10-08 17:16:58,054 [WARN] PackLoader:238 - Cannot read IP mode file for STMicroelectronics.X-CUBE-AZRTOS-F4.1.1.0
2023-10-08 17:16:58,058 [WARN] PackLoader:238 - Cannot read IP mode file for wolfSSL.I-CUBE-wolfSSL.5.6.3
2023-10-08 17:16:58,070 [WARN] PackLoader:238 - Cannot read IP mode file for STMicroelectronics.X-CUBE-AZRTOS-L5.2.0.0
2023-10-08 17:16:58,109 [WARN] PackLoader:238 - Cannot read IP mode file for STMicroelectronics.X-CUBE-MEMS1.9.6.0
2023-10-08 17:16:58,246 [ERROR] Engine:463 - C:\Users\Acer\.stm32cubemx\thirdparties\pdsc\ITTIA_DB.I-CUBE-ITTIADB.8.8.0.pdsc: PDSC version is not supported
2023-10-08 17:16:58,253 [WARN] PackLoader:238 - Cannot read IP mode file for STMicroelectronics.X-CUBE-BLEMGR.2.0.0
2023-10-08 17:16:58,266 [INFO] DetailPanel:309 - Set advertising image to C:/Users/Acer/STM32Cube/Repository/\en.prom-stm32h5-mcu-finder.jpg
2023-10-08 17:16:58,270 [WARN] ConditionMgr:437 - getConditionDescription Invalid condition id : UX DEVICE CLASS RTOS Condition cause : null
2023-10-08 17:16:58,270 [WARN] ConditionMgr:437 - getConditionDescription Invalid condition id : UX DEVICE CLASS RTOS Condition cause : null
2023-10-08 17:16:58,274 [WARN] PackLoader:238 - Cannot read IP mode file for STMicroelectronics.X-CUBE-AZRTOS-H7.3.1.0
2023-10-08 17:16:58,275 [WARN] ConditionMgr:1038 - genDependencies : Invalid condition id : UX DEVICE CLASS RTOS Condition cause : null
2023-10-08 17:16:58,275 [WARN] ConditionMgr:1038 - genDependencies : Invalid condition id : UX DEVICE CLASS RTOS Condition cause : null
2023-10-08 17:16:58,275 [WARN] ConditionMgr:1038 - genDependencies : Invalid condition id : UX DEVICE CLASS RTOS Condition cause : null
2023-10-08 17:16:58,276 [WARN] ConditionMgr:1038 - genDependencies : Invalid condition id : UX DEVICE CLASS RTOS Condition cause : null
2023-10-08 17:16:58,276 [WARN] ConditionMgr:1038 - genDependencies : Invalid condition id : UX DEVICE CLASS RTOS Condition cause : null
2023-10-08 17:16:58,281 [WARN] PackLoader:238 - Cannot read IP mode file for STMicroelectronics.X-CUBE-NFC7.1.0.1
2023-10-08 17:16:58,287 [WARN] PackLoader:238 - Cannot read IP mode file for STMicroelectronics.X-CUBE-NFC6.3.0.0
2023-10-08 17:16:58,294 [WARN] PackLoader:238 - Cannot read IP mode file for STMicroelectronics.X-CUBE-EEPRMA1.4.1.0
2023-10-08 17:16:58,316 [WARN] ConditionMgr:437 - getConditionDescription Invalid condition id : LAN8742 Phy interface Condition cause : null
2023-10-08 17:16:58,317 [WARN] PackLoader:238 - Cannot read IP mode file for STMicroelectronics.X-CUBE-AZRTOS-L4.2.0.0
2023-10-08 17:16:58,318 [WARN] ConditionMgr:1038 - genDependencies : Invalid condition id : LAN8742 Phy interface Condition cause : null
2023-10-08 17:16:58,318 [WARN] ConditionMgr:1038 - genDependencies : Invalid condition id : LAN8742 Phy interface Condition cause : null
2023-10-08 17:16:58,318 [WARN] ConditionMgr:1038 - genDependencies : Invalid condition id : LAN8742 Phy interface Condition cause : null
2023-10-08 17:16:58,323 [WARN] PackLoader:238 - Cannot read IP mode file for STMicroelectronics.X-CUBE-SFXS2LP1.4.0.0
2023-10-08 17:16:58,326 [WARN] PackLoader:238 - Cannot read IP mode file for STMicroelectronics.X-CUBE-ISPU.1.1.0
2023-10-08 17:16:58,334 [WARN] ConditionMgr:437 - getConditionDescription Invalid condition id : UX DEVICE CLASS RTOS Condition cause : null
2023-10-08 17:16:58,335 [WARN] ConditionMgr:437 - getConditionDescription Invalid condition id : UX DEVICE CLASS RTOS Condition cause : null
2023-10-08 17:16:58,336 [WARN] PackLoader:238 - Cannot read IP mode file for STMicroelectronics.X-CUBE-AZRTOS-WB.2.0.0
2023-10-08 17:16:58,336 [WARN] ConditionMgr:1038 - genDependencies : Invalid condition id : UX DEVICE CLASS RTOS Condition cause : null
2023-10-08 17:16:58,336 [WARN] ConditionMgr:1038 - genDependencies : Invalid condition id : UX DEVICE CLASS RTOS Condition cause : null
2023-10-08 17:16:58,337 [WARN] ConditionMgr:1038 - genDependencies : Invalid condition id : UX DEVICE CLASS RTOS Condition cause : null
2023-10-08 17:16:58,337 [WARN] ConditionMgr:1038 - genDependencies : Invalid condition id : UX DEVICE CLASS RTOS Condition cause : null
2023-10-08 17:16:58,337 [WARN] ConditionMgr:1038 - genDependencies : Invalid condition id : UX DEVICE CLASS RTOS Condition cause : null
2023-10-08 17:16:58,343 [WARN] PackLoader:238 - Cannot read IP mode file for STMicroelectronics.X-CUBE-SUBG2.5.0.0
2023-10-08 17:16:58,349 [ERROR] Engine:463 - C:\Users\Acer\.stm32cubemx\thirdparties\pdsc\STMicroelectronics.X-CUBE-TOF1.3.3.1.pdsc: PDSC version is not supported
2023-10-08 17:16:58,358 [WARN] PackLoader:238 - Cannot read IP mode file for STMicroelectronics.X-CUBE-AZRTOS-G4.2.0.0
2023-10-08 17:16:58,361 [ERROR] Engine:463 - C:\Users\Acer\.stm32cubemx\thirdparties\pdsc\STMicroelectronics.X-CUBE-FREERTOS.1.1.0.pdsc: PDSC version is not supported
2023-10-08 17:16:58,364 [WARN] PackLoader:238 - Cannot read IP mode file for portGmbH.I-Cube-SoM-uGOAL.1.1.0
2023-10-08 17:16:58,375 [WARN] PackLoader:238 - Cannot read IP mode file for STMicroelectronics.X-CUBE-ALS.1.0.1
2023-10-08 17:16:58,377 [WARN] PackLoader:238 - Cannot read IP mode file for STMicroelectronics.FP-ATR-ASTRA1.2.0.0
2023-10-08 17:16:58,378 [INFO] ThirdParty:915 - Integrity check success = true
2023-10-08 17:16:58,378 [INFO] IntegrityCheckThread:94 - exiting critical section [integrity check]
2023-10-08 17:16:58,378 [INFO] IntegrityCheckThread:97 - End integrity checks thread
2023-10-08 17:16:58,497 [INFO] DbBoardsPdsc:90 - Found 25 items
2023-10-08 17:16:58,498 [INFO] DbBoardsPdsc:90 - Found 9 items
2023-10-08 17:16:58,500 [INFO] DbBoardsPdsc:90 - Found 33 items
2023-10-08 17:16:58,501 [INFO] DbBoardsPdsc:90 - Found 1 items
2023-10-08 17:16:58,504 [INFO] DbBoardsPdsc:90 - Found 48 items
2023-10-08 17:16:58,508 [INFO] DbBoardsPdsc:90 - Found 43 items
2023-10-08 17:16:58,509 [INFO] DbBoardsPdsc:90 - Found 2 items
2023-10-08 17:16:58,510 [INFO] DbBoardsPdsc:90 - Found 5 items
2023-10-08 17:16:58,512 [WARN] DbBoardsPdsc:254 - Board STM32H7B3I-DK: unknown feature type=Audio, name=, username=Audio stereo codec with Headphone Amp (CS42L51-CNZ), n=1
2023-10-08 17:16:58,513 [WARN] DbBoardsPdsc:254 - Board STM32H735G-DK: unknown feature type=Audio, name=, username=Audio stereo codec with Headphone Amp (WM8994ECS/R), n=1
2023-10-08 17:16:58,513 [WARN] DbBoardsPdsc:254 - Board STM32H7B3I-EVAL: unknown feature type=Audio, name=, username=Multi-Channel Audio Codec (CS42L51-CNZ), n=1
2023-10-08 17:16:58,513 [WARN] DbBoardsPdsc:254 - Board STM32H7B3I-EVAL: unknown feature type=Meter, name=, username=Power-metering and Temperature-monitoring with sigma-delta modulators, n=1
2023-10-08 17:16:58,513 [WARN] DbBoardsPdsc:254 - Board STM32H7B3I-EVAL: unknown feature type=Motor, name=, username=Motor Control, n=1
2023-10-08 17:16:58,514 [WARN] DbBoardsPdsc:254 - Board STM32U575I-EV: unknown feature type=joystick, name=, username=4-direction joystick with selection button, n=1
2023-10-08 17:16:58,539 [INFO] DbBoardsJson:86 - JSON generation date=Tue Nov 16 23:17:54 ICT 2021 (1637079474)
2023-10-08 17:16:58,543 [INFO] DbBoards:117 - Found 167 boards (163 are supported by CubeMX)
2023-10-08 17:16:58,545 [INFO] DbBoardsDocs:143 - JSON generation date=Tue Nov 16 23:17:54 ICT 2021 (1637079474)
2023-10-08 17:16:58,547 [INFO] DbBoardsDocs:79 - Found 209 boards documents
2023-10-08 17:16:58,547 [WARN] DbBoards:127 - board B-L475E-IOT01A2 has no document id list !
2023-10-08 17:16:58,548 [WARN] DbBoards:127 - board NUCLEO-H743ZI has no document id list !
2023-10-08 17:16:58,549 [WARN] DbBoards:127 - board NUCLEO-WL55JC2 has no document id list !
2023-10-08 17:16:58,549 [WARN] DbBoards:127 - board P-NUCLEO-WB55-Nucleo has no document id list !
2023-10-08 17:16:58,549 [WARN] DbBoards:127 - board P-NUCLEO-WB55-USBDongle has no document id list !
2023-10-08 17:16:58,549 [WARN] DbBoards:127 - board STEVAL-BFA001V1B has no document id list !
2023-10-08 17:16:58,549 [WARN] DbBoards:127 - board STEVAL-BFA001V2B has no document id list !
2023-10-08 17:16:58,549 [WARN] DbBoards:127 - board STEVAL-IDP005V1 has no document id list !
2023-10-08 17:16:58,549 [WARN] DbBoards:127 - board STEVAL-IDP005V2 has no document id list !
2023-10-08 17:16:58,549 [WARN] DbBoards:127 - board STEVAL-MKSBOX1V1 has no document id list !
2023-10-08 17:16:58,549 [WARN] DbBoards:127 - board STEVAL-STWINKT1 has no document id list !
2023-10-08 17:16:58,549 [WARN] DbBoards:127 - board STEVAL-STWINKT1B has no document id list !
2023-10-08 17:16:58,549 [WARN] DbBoards:127 - board STM32439I-EVAL2 has no document id list !
2023-10-08 17:16:58,549 [WARN] DbBoards:127 - board STM32F401C-DISCO has no document id list !
2023-10-08 17:16:58,550 [WARN] DbBoards:127 - board STM32F769I-DISC1 has no document id list !
2023-10-08 17:16:58,550 [WARN] DbBoards:127 - board STM32G474E-EVAL1 has no document id list !
2023-10-08 17:16:58,550 [WARN] DbBoards:127 - board STM32H743I-EVAL2 has no document id list !
2023-10-08 17:16:58,550 [WARN] DbBoards:127 - board STM32H747I-DISC1 has no document id list !
2023-10-08 17:16:58,550 [WARN] DbBoards:127 - board STM32H753I-EVAL2 has no document id list !
2023-10-08 17:16:58,550 [WARN] DbBoards:127 - board STM32L-DISCOVERY has no document id list !
2023-10-08 17:16:58,630 [ERROR] DbBoards:189 - Image file not found for board B-U585I-IOT02A: D:\STM32CubeIDE_1.7.0\STM32CubeIDE\plugins\com.st.stm32cube.common.mx_6.3.0.202107141111\\db\/plugins/mcufinder/images/boards/B-U585I-IOT02A_small.jpg
2023-10-08 17:16:58,695 [ERROR] DbBoards:189 - Image file not found for board NUCLEO-F413ZH: D:\STM32CubeIDE_1.7.0\STM32CubeIDE\plugins\com.st.stm32cube.common.mx_6.3.0.202107141111\\db\/plugins/mcufinder/images/boards/nucleo-f413zh_small.jpg
2023-10-08 17:16:58,822 [ERROR] DbBoards:189 - Image file not found for board NUCLEO-L552ZE-Q: D:\STM32CubeIDE_1.7.0\STM32CubeIDE\plugins\com.st.stm32cube.common.mx_6.3.0.202107141111\\db\/plugins/mcufinder/images/boards/nucleo_l552ze_q_small.jpg
2023-10-08 17:16:58,822 [ERROR] DbBoards:189 - Image file not found for board NUCLEO-U575ZI-Q: D:\STM32CubeIDE_1.7.0\STM32CubeIDE\plugins\com.st.stm32cube.common.mx_6.3.0.202107141111\\db\/plugins/mcufinder/images/boards/nucleo-u575zi-q_small.jpg
2023-10-08 17:16:58,822 [ERROR] DbBoards:189 - Image file not found for board NUCLEO-WB15CC: D:\STM32CubeIDE_1.7.0\STM32CubeIDE\plugins\com.st.stm32cube.common.mx_6.3.0.202107141111\\db\/plugins/mcufinder/images/boards/nucleo-wb15cc_small.jpg
2023-10-08 17:16:58,822 [ERROR] DbBoards:189 - Image file not found for board NUCLEO-WB55RG: D:\STM32CubeIDE_1.7.0\STM32CubeIDE\plugins\com.st.stm32cube.common.mx_6.3.0.202107141111\\db\/plugins/mcufinder/images/boards/nucleo-wb55rg_small.jpg
2023-10-08 17:16:59,541 [INFO] ApiDb:251 - Load user favorites file C:\Users\Acer/.stm32cubeide/favorites.boards.txt: 0 item(s)
2023-10-08 17:16:59,542 [INFO] ApiDb:255 - User favorites Boards=[]
2023-10-08 17:16:59,542 [INFO] DbBoards:206 - Set 0 / 0 favorites Boards
2023-10-08 17:17:24,292 [INFO] DbMcusDocs:143 - JSON generation date=Tue Nov 16 23:17:54 ICT 2021 (1637079474)
2023-10-08 17:17:24,475 [INFO] DbMcusDocs:79 - Found 682 MCUs documents
2023-10-08 17:17:48,682 [INFO] MainUpdater:2671 - connection check result : 10
2023-10-08 17:17:48,682 [INFO] MainUpdater:2671 - connection check result : 10
2023-10-08 17:17:48,707 [INFO] MicroXplorer:448 - Change Database Path : 
2023-10-08 17:17:48,708 [INFO] MicroXplorer:478 - Change Database Version : DB.6.0.30
2023-10-08 17:17:48,708 [WARN] ThirdParty:813 - waiting for thirdparty lock release [close project]
2023-10-08 17:17:48,708 [INFO] ThirdParty:815 - entering critical section [close project]
2023-10-08 17:17:48,709 [INFO] ThirdParty:825 - exiting critical section [close project]
2023-10-08 17:17:48,712 [INFO] PinOutPanel:1463 - setPackage(No Configuration,No Configuration)
2023-10-08 17:17:48,712 [INFO] UtilMem:74 - Begin LoadConfig() Used Memory: 554195120 Bytes (661651456)
2023-10-08 17:17:48,713 [INFO] MicroXplorer:448 - Change Database Path : 
2023-10-08 17:17:48,713 [INFO] MicroXplorer:478 - Change Database Version : DB.6.0.30
2023-10-08 17:17:48,713 [INFO] OpenFileManager:313 - Change cursor
2023-10-08 17:17:49,117 [INFO] Context:592 - Trying to add GPIOservice into a context  which must be forbidden
2023-10-08 17:17:49,225 [INFO] ImportTextPane:167 - (OptionalMessage_ERROR) Unable to find key (Mcu.ThirdPartyNb) in loaded IOC file
2023-10-08 17:17:49,225 [INFO] ImportTextPane:167 - (OptionalMessage_ERROR) Unable to find key (Mcu.PinsNb) in loaded IOC file
2023-10-08 17:17:49,225 [INFO] ImportTextPane:167 - (OptionalMessage_ERROR) Unable to find key (Mcu.IPNb) in loaded IOC file
2023-10-08 17:17:49,253 [WARN] ApiManager:304 - Cannot register API 'Board Extension:GNSS1A1' from pack STMicroelectronics.X-CUBE-GNSS1.6.0.0: no header file found
2023-10-08 17:17:49,253 [WARN] ApiManager:304 - Cannot register API 'Board Support:Custom' from pack STMicroelectronics.X-CUBE-GNSS1.6.0.0: no header file found
2023-10-08 17:17:49,253 [WARN] ApiManager:304 - Cannot register API 'Data Exchange:lib_gnss' from pack STMicroelectronics.X-CUBE-GNSS1.6.0.0: no header file found
2023-10-08 17:17:49,257 [WARN] ModelIntegratedComponent:60 - No mode defined for component null
2023-10-08 17:17:49,258 [WARN] ModelIntegratedComponent:60 - No mode defined for component null
2023-10-08 17:17:49,258 [WARN] ModelIntegratedComponent:60 - No mode defined for component null
2023-10-08 17:17:49,258 [WARN] ModelIntegratedComponent:60 - No mode defined for component null
2023-10-08 17:17:49,258 [WARN] ModelIntegratedComponent:60 - No mode defined for component null
2023-10-08 17:17:49,258 [WARN] ModelIntegratedComponent:60 - No mode defined for component null
2023-10-08 17:17:49,258 [WARN] ModelIntegratedComponent:60 - No mode defined for component null
2023-10-08 17:17:49,258 [WARN] ModelIntegratedComponent:60 - No mode defined for component null
2023-10-08 17:17:49,258 [WARN] ModelIntegratedComponent:60 - No mode defined for component null
2023-10-08 17:17:49,258 [WARN] ModelIntegratedComponent:60 - No mode defined for component null
2023-10-08 17:17:49,258 [WARN] ModelIntegratedComponent:60 - No mode defined for component null
2023-10-08 17:17:49,258 [WARN] ModelIntegratedComponent:60 - No mode defined for component null
2023-10-08 17:17:49,258 [WARN] ModelIntegratedComponent:60 - No mode defined for component null
2023-10-08 17:17:49,258 [WARN] ModelIntegratedComponent:60 - No mode defined for component null
2023-10-08 17:17:49,258 [WARN] ModelIntegratedComponent:60 - No mode defined for component null
2023-10-08 17:17:49,258 [WARN] ModelIntegratedComponent:60 - No mode defined for component null
2023-10-08 17:17:49,258 [WARN] ModelIntegratedComponent:60 - No mode defined for component null
2023-10-08 17:17:49,258 [WARN] ModelIntegratedComponent:60 - No mode defined for component null
2023-10-08 17:17:49,258 [WARN] ModelIntegratedComponent:60 - No mode defined for component null
2023-10-08 17:17:49,259 [WARN] ModelIntegratedComponent:60 - No mode defined for component null
2023-10-08 17:17:49,259 [WARN] ModelIntegratedComponent:60 - No mode defined for component null
2023-10-08 17:17:49,259 [WARN] ModelIntegratedComponent:60 - No mode defined for component null
2023-10-08 17:17:49,259 [WARN] ModelIntegratedComponent:60 - No mode defined for component null
2023-10-08 17:17:49,259 [WARN] ModelIntegratedComponent:60 - No mode defined for component null
2023-10-08 17:17:49,259 [WARN] ModelIntegratedComponent:60 - No mode defined for component null
2023-10-08 17:17:49,259 [WARN] ModelIntegratedComponent:60 - No mode defined for component null
2023-10-08 17:17:49,259 [WARN] ModelIntegratedComponent:60 - No mode defined for component null
2023-10-08 17:17:49,259 [WARN] ModelIntegratedComponent:60 - No mode defined for component null
2023-10-08 17:17:49,259 [WARN] ModelIntegratedComponent:60 - No mode defined for component null
2023-10-08 17:17:49,259 [WARN] ModelIntegratedComponent:60 - No mode defined for component null
2023-10-08 17:17:49,259 [WARN] ModelIntegratedComponent:60 - No mode defined for component null
2023-10-08 17:17:49,261 [WARN] ApiManager:304 - Cannot register API 'Board Extension:NFC07A1' from pack STMicroelectronics.X-CUBE-NFC7.1.0.1: no header file found
2023-10-08 17:17:49,264 [WARN] ApiManager:304 - Cannot register API 'Board Extension:NFC06A1' from pack STMicroelectronics.X-CUBE-NFC6.3.0.0: no header file found
2023-10-08 17:17:49,264 [WARN] ApiManager:304 - Cannot register API 'Board Extension:NFC08A1' from pack STMicroelectronics.X-CUBE-NFC6.3.0.0: no header file found
2023-10-08 17:17:49,265 [WARN] ApiManager:304 - Cannot register API 'Board Extension:EEPRMA1' from pack STMicroelectronics.X-CUBE-EEPRMA1.4.1.0: no header file found
2023-10-08 17:17:49,265 [WARN] ApiManager:304 - Cannot register API 'Board Extension:EEPRMA2' from pack STMicroelectronics.X-CUBE-EEPRMA1.4.1.0: no header file found
2023-10-08 17:17:49,265 [WARN] ApiManager:304 - Cannot register API 'Board Extension:PGEEZ1' from pack STMicroelectronics.X-CUBE-EEPRMA1.4.1.0: no header file found
2023-10-08 17:17:49,265 [WARN] ApiManager:304 - Cannot register API 'Board Part:M24' from pack STMicroelectronics.X-CUBE-EEPRMA1.4.1.0: no header file found
2023-10-08 17:17:49,265 [WARN] ApiManager:304 - Cannot register API 'Board Part:M95' from pack STMicroelectronics.X-CUBE-EEPRMA1.4.1.0: no header file found
2023-10-08 17:17:49,265 [WARN] ApiManager:304 - Cannot register API 'Board Part:M95P32' from pack STMicroelectronics.X-CUBE-EEPRMA1.4.1.0: no header file found
2023-10-08 17:17:49,265 [WARN] ApiManager:304 - Cannot register API 'PGEEZ1:SPI' from pack STMicroelectronics.X-CUBE-EEPRMA1.4.1.0: no header file found
2023-10-08 17:17:49,265 [WARN] ApiManager:304 - Cannot register API 'PGEEZ1:QDSPI' from pack STMicroelectronics.X-CUBE-EEPRMA1.4.1.0: no header file found
2023-10-08 17:17:49,390 [WARN] ApiManager:304 - Cannot register API 'Board Extension:IKS01A3' from pack STMicroelectronics.X-CUBE-MEMS1.9.6.0: no header file found
2023-10-08 17:17:49,390 [WARN] ApiManager:304 - Cannot register API 'Board Extension:IKS01A2' from pack STMicroelectronics.X-CUBE-MEMS1.9.6.0: no header file found
2023-10-08 17:17:49,390 [WARN] ApiManager:304 - Cannot register API 'Board Extension:IKS02A1' from pack STMicroelectronics.X-CUBE-MEMS1.9.6.0: no header file found
2023-10-08 17:17:49,399 [INFO] RtosManager:484 - Registered RTOS mode: class=CMSIS, group=RTOS, mode=CMSIS_V1, owner=FREERTOS
2023-10-08 17:17:49,399 [INFO] RtosManager:484 - Registered RTOS mode: class=CMSIS, group=RTOS2, mode=CMSIS_V2, owner=FREERTOS
2023-10-08 17:17:49,399 [INFO] RtosManager:484 - Registered RTOS mode: class=RTOS, group=Core, mode=CMSIS_V1, owner=FREERTOS
2023-10-08 17:17:49,400 [INFO] RtosManager:484 - Registered RTOS mode: class=RTOS, group=Core, mode=CMSIS_V2, owner=FREERTOS
2023-10-08 17:17:49,400 [WARN] ModelIntegratedComponent:181 - Missing modes for component STMicroelectronics:FreeRTOS:0.0.1:STMicroelectronics:RTOS:FreeRTOS:Core:::10.2.0:
2023-10-08 17:17:49,401 [WARN] ApiManager:304 - Cannot register API 'Board Extension:NFC04A1' from pack STMicroelectronics.X-CUBE-NFC4.3.0.0: no header file found
2023-10-08 17:17:49,403 [WARN] ApiManager:304 - Cannot register API 'Board Extension:S2868A1' from pack STMicroelectronics.X-CUBE-SUBG2.5.0.0: no header file found
2023-10-08 17:17:49,403 [WARN] ApiManager:304 - Cannot register API 'Board Extension:S2868A2' from pack STMicroelectronics.X-CUBE-SUBG2.5.0.0: no header file found
2023-10-08 17:17:49,403 [WARN] ApiManager:304 - Cannot register API 'Board Extension:S2915A1' from pack STMicroelectronics.X-CUBE-SUBG2.5.0.0: no header file found
2023-10-08 17:17:49,405 [WARN] ApiManager:304 - Cannot register API 'Board Extension:S2868A1' from pack STMicroelectronics.X-CUBE-SFXS2LP1.4.0.0: no header file found
2023-10-08 17:17:49,405 [WARN] ApiManager:304 - Cannot register API 'Board Extension:S2868A2' from pack STMicroelectronics.X-CUBE-SFXS2LP1.4.0.0: no header file found
2023-10-08 17:17:49,405 [WARN] ApiManager:304 - Cannot register API 'Board Extension:S2915A1' from pack STMicroelectronics.X-CUBE-SFXS2LP1.4.0.0: no header file found
2023-10-08 17:17:49,406 [WARN] ApiManager:304 - Cannot register API 'Wireless:BlueNRG-2' from pack STMicroelectronics.X-CUBE-BLE2.3.3.0: no header file found
2023-10-08 17:17:50,441 [INFO] UtilMem:74 - End LoadConfig() Used Memory: 604909040 Bytes (784334848)
2023-10-08 17:17:50,442 [WARN] ThirdParty:779 - waiting for thirdparty lock release [change project]
2023-10-08 17:17:50,442 [INFO] ThirdParty:781 - entering critical section [change project]
2023-10-08 17:17:50,442 [INFO] ThirdParty:967 - CMSIS Pack Vendor :STMicroelectronics X-CUBE-ISPU 1.1.0
2023-10-08 17:17:50,442 [INFO] ThirdParty:967 - CMSIS Pack Vendor :STMicroelectronics X-CUBE-GNSS1 6.0.0
2023-10-08 17:17:50,442 [INFO] ThirdParty:967 - CMSIS Pack Vendor :STMicroelectronics USB_HOST 2.0.0
2023-10-08 17:17:50,442 [INFO] ThirdParty:967 - CMSIS Pack Vendor :STMicroelectronics X-CUBE-AZRTOS-F4 1.1.0
2023-10-08 17:17:50,442 [INFO] ThirdParty:967 - CMSIS Pack Vendor :STMicroelectronics FP-ATR-SIGFOX1 3.2.0
2023-10-08 17:17:50,442 [INFO] ThirdParty:967 - CMSIS Pack Vendor :wolfSSL I-CUBE-wolfSSL 5.6.3
2023-10-08 17:17:50,442 [INFO] ThirdParty:967 - CMSIS Pack Vendor :STMicroelectronics USB_DEVICE 3.0.0
2023-10-08 17:17:50,442 [INFO] ThirdParty:967 - CMSIS Pack Vendor :STMicroelectronics HAL Drivers 0.0.0
2023-10-08 17:17:50,442 [INFO] ThirdParty:967 - CMSIS Pack Vendor :STMicroelectronics MBEDTLS 2.16.2
2023-10-08 17:17:50,442 [INFO] ThirdParty:967 - CMSIS Pack Vendor :STMicroelectronics X-CUBE-AZRTOS-WB 2.0.0
2023-10-08 17:17:50,442 [INFO] ThirdParty:967 - CMSIS Pack Vendor :STMicroelectronics X-CUBE-TOUCHGFX 4.22.0
2023-10-08 17:17:50,443 [INFO] ThirdParty:967 - CMSIS Pack Vendor :STMicroelectronics X-CUBE-NFC7 1.0.1
2023-10-08 17:17:50,443 [INFO] ThirdParty:967 - CMSIS Pack Vendor :STMicroelectronics MBEDTLS 2.14.1
2023-10-08 17:17:50,443 [INFO] ThirdParty:967 - CMSIS Pack Vendor :STMicroelectronics X-CUBE-TOUCHGFX 4.22.1
2023-10-08 17:17:50,443 [INFO] ThirdParty:967 - CMSIS Pack Vendor :STMicroelectronics X-CUBE-AZRTOS-F7 1.1.0
2023-10-08 17:17:50,443 [INFO] ThirdParty:967 - CMSIS Pack Vendor :STMicroelectronics X-CUBE-AZRTOS-L5 2.0.0
2023-10-08 17:17:50,443 [INFO] ThirdParty:967 - CMSIS Pack Vendor :STMicroelectronics X-CUBE-NFC6 3.0.0
2023-10-08 17:17:50,443 [INFO] ThirdParty:967 - CMSIS Pack Vendor :STMicroelectronics X-CUBE-EEPRMA1 4.1.0
2023-10-08 17:17:50,443 [INFO] ThirdParty:967 - CMSIS Pack Vendor :portGmbH I-Cube-SoM-uGOAL 1.1.0
2023-10-08 17:17:50,443 [INFO] ThirdParty:967 - CMSIS Pack Vendor :STMicroelectronics X-CUBE-ALS 1.0.1
2023-10-08 17:17:50,443 [INFO] ThirdParty:967 - CMSIS Pack Vendor :STMicroelectronics USB_DEVICE 2.0.0
2023-10-08 17:17:50,443 [INFO] ThirdParty:967 - CMSIS Pack Vendor :STMicroelectronics X-CUBE-MEMS1 9.6.0
2023-10-08 17:17:50,443 [INFO] ThirdParty:967 - CMSIS Pack Vendor :STMicroelectronics X-CUBE-AZRTOS-WL 2.0.0
2023-10-08 17:17:50,443 [INFO] ThirdParty:967 - CMSIS Pack Vendor :STMicroelectronics X-CUBE-ALGOBUILD 1.3.0
2023-10-08 17:17:50,443 [INFO] ThirdParty:967 - CMSIS Pack Vendor :SEGGER I-CUBE-embOS 1.3.1
2023-10-08 17:17:50,443 [INFO] ThirdParty:967 - CMSIS Pack Vendor :STMicroelectronics FreeRTOS 0.0.1
2023-10-08 17:17:50,443 [INFO] ThirdParty:967 - CMSIS Pack Vendor :STMicroelectronics X-CUBE-AZRTOS-G0 1.1.0
2023-10-08 17:17:50,443 [INFO] ThirdParty:967 - CMSIS Pack Vendor :STMicroelectronics USB_DEVICE 1.0.0
2023-10-08 17:17:50,443 [INFO] ThirdParty:967 - CMSIS Pack Vendor :STMicroelectronics X-CUBE-BLEMGR 2.0.0
2023-10-08 17:17:50,443 [INFO] ThirdParty:967 - CMSIS Pack Vendor :STMicroelectronics X-CUBE-NFC4 3.0.0
2023-10-08 17:17:50,443 [INFO] ThirdParty:967 - CMSIS Pack Vendor :STMicroelectronics X-CUBE-SUBG2 5.0.0
2023-10-08 17:17:50,443 [INFO] ThirdParty:967 - CMSIS Pack Vendor :STMicroelectronics X-CUBE-AZRTOS-L4 2.0.0
2023-10-08 17:17:50,443 [INFO] ThirdParty:967 - CMSIS Pack Vendor :STMicroelectronics ThreadX 0.0.2
2023-10-08 17:17:50,443 [INFO] ThirdParty:967 - CMSIS Pack Vendor :WES I-CUBE-Cesium 1.3.0
2023-10-08 17:17:50,443 [INFO] ThirdParty:967 - CMSIS Pack Vendor :STMicroelectronics FP-ATR-ASTRA1 2.0.0
2023-10-08 17:17:50,443 [INFO] ThirdParty:967 - CMSIS Pack Vendor :STMicroelectronics lwIP 2.0.3
2023-10-08 17:17:50,443 [INFO] ThirdParty:967 - CMSIS Pack Vendor :STMicroelectronics lwIP 2.1.2
2023-10-08 17:17:50,443 [INFO] ThirdParty:967 - CMSIS Pack Vendor :STMicroelectronics X-CUBE-SFXS2LP1 4.0.0
2023-10-08 17:17:50,443 [INFO] ThirdParty:967 - CMSIS Pack Vendor :STMicroelectronics X-CUBE-BLE2 3.3.0
2023-10-08 17:17:50,443 [INFO] ThirdParty:967 - CMSIS Pack Vendor :STMicroelectronics USB_HOST 1.0.0
2023-10-08 17:17:50,443 [INFO] ThirdParty:967 - CMSIS Pack Vendor :STMicroelectronics X-CUBE-AZRTOS-G4 2.0.0
2023-10-08 17:17:50,443 [INFO] ThirdParty:967 - CMSIS Pack Vendor :STMicroelectronics PDM2PCM 3.1.0
2023-10-08 17:17:50,443 [INFO] ThirdParty:967 - CMSIS Pack Vendor :STMicroelectronics X-CUBE-AZRTOS-H7 3.1.0
2023-10-08 17:17:50,444 [INFO] ThirdParty:967 - CMSIS Pack Vendor :STMicroelectronics PDM2PCM 3.2.0
2023-10-08 17:17:50,444 [INFO] ThirdParty:967 - CMSIS Pack Vendor :STMicroelectronics PDM2PCM 3.3.0
2023-10-08 17:17:50,444 [INFO] ThirdParty:787 - exiting critical section [change project]
2023-10-08 17:17:50,594 [INFO] PinOutPanel:1463 - setPackage(No Configuration,No Configuration)
2023-10-08 17:17:50,595 [INFO] PinOutPanel:1463 - setPackage(STM32F103C6Tx,LQFP48)
2023-10-08 17:17:50,864 [INFO] UtilMem:74 - Before build in PCC Used Memory: 605783040 Bytes (817889280)
2023-10-08 17:17:51,426 [INFO] UtilMem:74 - After build in PCC Used Memory: 641728512 Bytes (817889280)
2023-10-08 17:17:51,446 [INFO] IPUIPlugin:74 - create IPUIPlugin
2023-10-08 17:17:51,447 [INFO] IPUIPlugin:74 - create IPUIPlugin
2023-10-08 17:17:51,447 [INFO] IPUIPlugin:74 - create IPUIPlugin
2023-10-08 17:17:51,447 [INFO] IPUIPlugin:74 - create IPUIPlugin
2023-10-08 17:17:51,447 [INFO] IPUIPlugin:74 - create IPUIPlugin
2023-10-08 17:17:51,448 [INFO] IPUIPlugin:74 - create IPUIPlugin
2023-10-08 17:17:51,448 [INFO] IPUIPlugin:74 - create IPUIPlugin
2023-10-08 17:17:51,448 [INFO] IPUIPlugin:74 - create IPUIPlugin
2023-10-08 17:17:51,448 [INFO] IPUIPlugin:74 - create IPUIPlugin
2023-10-08 17:17:51,448 [INFO] IPUIPlugin:74 - create IPUIPlugin
2023-10-08 17:17:51,448 [INFO] IPUIPlugin:74 - create IPUIPlugin
2023-10-08 17:17:51,448 [INFO] IPUIPlugin:74 - create IPUIPlugin
2023-10-08 17:17:51,448 [INFO] IPUIPlugin:74 - create IPUIPlugin
2023-10-08 17:17:51,449 [INFO] IPUIPlugin:74 - create IPUIPlugin
2023-10-08 17:17:51,449 [INFO] IPUIPlugin:74 - create IPUIPlugin
2023-10-08 17:17:51,449 [INFO] IPUIPlugin:74 - create IPUIPlugin
2023-10-08 17:17:51,449 [INFO] IPUIPlugin:74 - create IPUIPlugin
2023-10-08 17:17:51,449 [INFO] IPUIPlugin:74 - create IPUIPlugin
2023-10-08 17:17:51,449 [INFO] IPUIPlugin:74 - create IPUIPlugin
2023-10-08 17:17:51,450 [INFO] IPUIPlugin:74 - create IPUIPlugin
2023-10-08 17:17:51,450 [INFO] IPUIPlugin:74 - create IPUIPlugin
2023-10-08 17:17:51,450 [INFO] IPUIPlugin:74 - create IPUIPlugin
2023-10-08 17:17:51,451 [INFO] IPUIPlugin:74 - create IPUIPlugin
2023-10-08 17:17:51,565 [INFO] OpenFileManager:333 - Restore cursor
2023-10-08 17:17:51,775 [INFO] UtilMem:74 - End SaveConfig() Used Memory: 706422032 Bytes (817889280)
2023-10-08 17:17:51,831 [INFO] UtilMem:74 - End SaveConfig() Used Memory: 626781952 Bytes (817889280)
2023-10-08 17:17:52,025 [INFO] BlockDiagram:2740 - set Specific Code input for plugin: NVIC
2023-10-08 17:17:52,025 [INFO] BlockDiagram:2740 - set Specific Code input for plugin: SYS
2023-10-08 17:17:52,025 [INFO] BlockDiagram:2740 - set Specific Code input for plugin: RCC
2023-10-08 17:17:52,026 [INFO] CodeGenerator:663 - code generatio: config db path: D:\STM32CubeIDE_1.7.0\STM32CubeIDE\plugins\com.st.stm32cube.common.mx_6.3.0.202107141111\\db\
2023-10-08 17:17:52,247 [INFO] CodeEngine:239 - oldGeneratedFile, D:\STM32CubeIDE_1.7.0\LAB2\lab2_exercise\LAB2_Exercise\MXTmpFiles\license.tmp_save
2023-10-08 17:17:52,492 [INFO] CodeEngine:257 - Generated code: D:\STM32CubeIDE_1.7.0\LAB2\lab2_exercise\LAB2_Exercise\MXTmpFiles\license.tmp
2023-10-08 17:17:52,551 [INFO] CodeEngine:239 - oldGeneratedFile, D:\STM32CubeIDE_1.7.0\LAB2\lab2_exercise\LAB2_Exercise\Core\Src\stm32f1xx_it.c_save
2023-10-08 17:17:52,621 [INFO] CodeEngine:257 - Generated code: D:\STM32CubeIDE_1.7.0\LAB2\lab2_exercise\LAB2_Exercise\Core\Src\stm32f1xx_it.c
2023-10-08 17:17:52,622 [INFO] CodeEngine:239 - oldGeneratedFile, D:\STM32CubeIDE_1.7.0\LAB2\lab2_exercise\LAB2_Exercise\Core\Inc\stm32f1xx_it.h_save
2023-10-08 17:17:52,668 [INFO] CodeEngine:257 - Generated code: D:\STM32CubeIDE_1.7.0\LAB2\lab2_exercise\LAB2_Exercise\Core\Inc\stm32f1xx_it.h
2023-10-08 17:17:52,673 [INFO] CodeEngine:239 - oldGeneratedFile, D:\STM32CubeIDE_1.7.0\LAB2\lab2_exercise\LAB2_Exercise\Core\Src\stm32f1xx_hal_msp.c_save
2023-10-08 17:17:52,737 [INFO] CodeEngine:257 - Generated code: D:\STM32CubeIDE_1.7.0\LAB2\lab2_exercise\LAB2_Exercise\Core\Src\stm32f1xx_hal_msp.c
2023-10-08 17:17:52,739 [INFO] CodeEngine:239 - oldGeneratedFile, D:\STM32CubeIDE_1.7.0\LAB2\lab2_exercise\LAB2_Exercise\MXTmpFiles\system.tmp_save
2023-10-08 17:17:52,780 [INFO] CodeEngine:257 - Generated code: D:\STM32CubeIDE_1.7.0\LAB2\lab2_exercise\LAB2_Exercise\MXTmpFiles\system.tmp
2023-10-08 17:17:52,785 [INFO] CodeEngine:239 - oldGeneratedFile, D:\STM32CubeIDE_1.7.0\LAB2\lab2_exercise\LAB2_Exercise\Core\Inc\stm32f1xx_hal_conf.h_save
2023-10-08 17:17:52,826 [INFO] CodeEngine:257 - Generated code: D:\STM32CubeIDE_1.7.0\LAB2\lab2_exercise\LAB2_Exercise\Core\Inc\stm32f1xx_hal_conf.h
2023-10-08 17:17:52,845 [INFO] CodeEngine:239 - oldGeneratedFile, D:\STM32CubeIDE_1.7.0\LAB2\lab2_exercise\LAB2_Exercise\Core\Inc\main.h_save
2023-10-08 17:17:52,892 [INFO] CodeEngine:257 - Generated code: D:\STM32CubeIDE_1.7.0\LAB2\lab2_exercise\LAB2_Exercise\Core\Inc\main.h
2023-10-08 17:17:52,894 [INFO] CodeEngine:239 - oldGeneratedFile, D:\STM32CubeIDE_1.7.0\LAB2\lab2_exercise\LAB2_Exercise\Core\Src\main.c_save
2023-10-08 17:17:52,973 [INFO] CodeEngine:257 - Generated code: D:\STM32CubeIDE_1.7.0\LAB2\lab2_exercise\LAB2_Exercise\Core\Src\main.c
2023-10-08 17:17:53,806 [INFO] ProjectBuilder:2578 - Time for Copy HAL[1] : 41mS.
2023-10-08 17:17:53,810 [INFO] ProjectBuilder:3622 - Project Generator version: 3.14.1
2023-10-08 17:17:54,187 [INFO] ConfigFileManager:1271 - The Die is : DIE412
2023-10-08 17:17:54,199 [INFO] ApiDbMcu:468 - Load IP Config File for FATFS
2023-10-08 17:17:54,217 [INFO] ApiDbMcu:468 - Load IP Config File for FREERTOS
2023-10-08 17:17:54,233 [INFO] ApiDbMcu:468 - Load IP Config File for USB_DEVICE
2023-10-08 17:17:57,356 [INFO] ProjectBuilder:3789 - Time for Generating toolchain IDE Files: 3546mS.
2023-10-08 17:17:57,357 [INFO] ProjectBuilder:2457 - Time for Copy CMSIS : 0mS.
2023-10-08 17:17:57,358 [INFO] ProjectBuilder:2457 - Time for Copy CMSIS : 0mS.
2023-10-08 17:17:58,142 [INFO] McuFinderGlobals:52 - Set McuFinderConnectedMode to true
2023-10-08 17:17:58,146 [INFO] ApiDb:276 - Save user favorites file C:\Users\Acer/.stm32cubeide/favorites.mcus.txt: 0 item(s)
2023-10-08 17:17:58,147 [INFO] ApiDb:280 - User favorites MCUs=[]
